objc[8683]: Class AXEmojiUtilities is implemented in both /Applications/Xcode.app/Contents/Developer/Platforms/iPhoneSimulator.platform/Developer/SDKs/iPhoneSimulator7.0.sdk/System/Library/PrivateFrameworks/AccessibilityUtilities.framework/AccessibilityUtilities and /Applications/Xcode.app/Contents/Developer/Platforms/iPhoneSimulator.platform/Developer/SDKs/iPhoneSimulator7.0.sdk/usr/lib/libAXSpeechManager.dylib. One of the two will be used. Which one is undefined.
2014-01-23 14:36:08.675 tivity[8683:80b] Cannot find executable for CFBundle 0xaa6e480 </Applications/Xcode.app/Contents/Developer/Platforms/iPhoneSimulator.platform/Developer/SDKs/iPhoneSimulator7.0.sdk/System/Library/AccessibilityBundles/CertUIFramework.axbundle> (not loaded)
2014-01-23 14:36:08.698 tivity[8683:80b] Cannot find executable for CFBundle 0xa46ca20 </Applications/Xcode.app/Contents/Developer/Platforms/iPhoneSimulator.platform/Developer/SDKs/iPhoneSimulator7.0.sdk/System/Library/AccessibilityBundles/GeoServices.axbundle> (not loaded)
2014-01-23 14:36:08.751 tivity[8683:80b] Multi-tasking -> Device: YES, App: YES
2014-01-23 14:36:08.757 tivity[8683:80b] Unlimited access to network resources
2014-01-23 14:36:08.863 tivity[8683:80b] Resetting plugins due to page load.
2014-01-23 14:36:08.972 tivity[8683:80b] Finished load of: file:///Users/arthur/Library/Application%20Support/iPhone%20Simulator/7.0.3/Applications/E8F02C45-4F45-4BCC-8559-C9C40207E599/tivity.app/www/index.html
objc[10273]: Class AXEmojiUtilities is implemented in both /Applications/Xcode.app/Contents/Developer/Platforms/iPhoneSimulator.platform/Developer/SDKs/iPhoneSimulator7.0.sdk/System/Library/PrivateFrameworks/AccessibilityUtilities.framework/AccessibilityUtilities and /Applications/Xcode.app/Contents/Developer/Platforms/iPhoneSimulator.platform/Developer/SDKs/iPhoneSimulator7.0.sdk/usr/lib/libAXSpeechManager.dylib. One of the two will be used. Which one is undefined.
2014-01-23 15:54:51.103 tivity[10273:80b] Cannot find executable for CFBundle 0xa447d70 </Applications/Xcode.app/Contents/Developer/Platforms/iPhoneSimulator.platform/Developer/SDKs/iPhoneSimulator7.0.sdk/System/Library/AccessibilityBundles/GeoServices.axbundle> (not loaded)
2014-01-23 15:54:51.114 tivity[10273:80b] Cannot find executable for CFBundle 0xa756f60 </Applications/Xcode.app/Contents/Developer/Platforms/iPhoneSimulator.platform/Developer/SDKs/iPhoneSimulator7.0.sdk/System/Library/AccessibilityBundles/CertUIFramework.axbundle> (not loaded)
2014-01-23 15:54:51.166 tivity[10273:80b] Multi-tasking -> Device: YES, App: YES
2014-01-23 15:54:51.215 tivity[10273:80b] Unlimited access to network resources
2014-01-23 15:54:51.535 tivity[10273:80b] Resetting plugins due to page load.
2014-01-23 15:54:51.587 tivity[10273:80b] Finished load of: file:///Users/arthur/Library/Application%20Support/iPhone%20Simulator/7.0.3/Applications/E8F02C45-4F45-4BCC-8559-C9C40207E599/tivity.app/www/index.html
objc[10587]: Class AXEmojiUtilities is implemented in both /Applications/Xcode.app/Contents/Developer/Platforms/iPhoneSimulator.platform/Developer/SDKs/iPhoneSimulator7.0.sdk/System/Library/PrivateFrameworks/AccessibilityUtilities.framework/AccessibilityUtilities and /Applications/Xcode.app/Contents/Developer/Platforms/iPhoneSimulator.platform/Developer/SDKs/iPhoneSimulator7.0.sdk/usr/lib/libAXSpeechManager.dylib. One of the two will be used. Which one is undefined.
2014-01-23 16:07:47.297 tivity[10587:80b] Cannot find executable for CFBundle 0xaa64ff0 </Applications/Xcode.app/Contents/Developer/Platforms/iPhoneSimulator.platform/Developer/SDKs/iPhoneSimulator7.0.sdk/System/Library/AccessibilityBundles/CertUIFramework.axbundle> (not loaded)
2014-01-23 16:07:47.318 tivity[10587:80b] Cannot find executable for CFBundle 0xa832920 </Applications/Xcode.app/Contents/Developer/Platforms/iPhoneSimulator.platform/Developer/SDKs/iPhoneSimulator7.0.sdk/System/Library/AccessibilityBundles/GeoServices.axbundle> (not loaded)
2014-01-23 16:07:47.367 tivity[10587:80b] Multi-tasking -> Device: YES, App: YES
2014-01-23 16:07:47.373 tivity[10587:80b] Unlimited access to network resources
2014-01-23 16:07:47.495 tivity[10587:80b] Resetting plugins due to page load.
2014-01-23 16:07:47.763 tivity[10587:80b] Finished load of: file:///section/food
objc[10894]: Class AXEmojiUtilities is implemented in both /Applications/Xcode.app/Contents/Developer/Platforms/iPhoneSimulator.platform/Developer/SDKs/iPhoneSimulator7.0.sdk/System/Library/PrivateFrameworks/AccessibilityUtilities.framework/AccessibilityUtilities and /Applications/Xcode.app/Contents/Developer/Platforms/iPhoneSimulator.platform/Developer/SDKs/iPhoneSimulator7.0.sdk/usr/lib/libAXSpeechManager.dylib. One of the two will be used. Which one is undefined.
2014-01-23 16:23:18.861 tivity[10894:80b] Cannot find executable for CFBundle 0xa895720 </Applications/Xcode.app/Contents/Developer/Platforms/iPhoneSimulator.platform/Developer/SDKs/iPhoneSimulator7.0.sdk/System/Library/AccessibilityBundles/CertUIFramework.axbundle> (not loaded)
2014-01-23 16:23:18.887 tivity[10894:80b] Cannot find executable for CFBundle 0xa792450 </Applications/Xcode.app/Contents/Developer/Platforms/iPhoneSimulator.platform/Developer/SDKs/iPhoneSimulator7.0.sdk/System/Library/AccessibilityBundles/GeoServices.axbundle> (not loaded)
2014-01-23 16:23:18.953 tivity[10894:80b] Multi-tasking -> Device: YES, App: YES
2014-01-23 16:23:18.961 tivity[10894:80b] Unlimited access to network resources
2014-01-23 16:23:19.104 tivity[10894:80b] Resetting plugins due to page load.
2014-01-23 16:23:19.544 tivity[10894:80b] Finished load of: file:///section/food
2014-01-23 16:24:00.691 tivity[10894:80b] Resetting plugins due to page load.
2014-01-23 16:24:03.469 tivity[10894:80b] Failed to load webpage with error: The operation couldn’t be completed. (NSURLErrorDomain error -999.)
2014-01-23 16:24:03.469 tivity[10894:80b] Resetting plugins due to page load.
2014-01-23 16:24:03.887 tivity[10894:80b] Finished load of: https://m.facebook.com/login.php?skip_api_login=1&api_key=1437385363160373&signed_next=1&next=https%3A%2F%2Fm.facebook.com%2Fdialog%2Foauth%3Fredirect_uri%3Dhttps%253A%252F%252Fauth.firebase.com%252Fauth%252Ffacebook%252Fcallback%252F%253Ffirebase%253Dglowing-fire-4586%2526internalRedirect%253Dfalse%26response_type%3Dcode%26client_id%3D1437385363160373%26ret%3Dlogin&cancel_uri=https%3A%2F%2Fauth.firebase.com%2Fauth%2Ffacebook%2Fcallback%2F%3Ffirebase%3Dglowing-fire-4586%26internalRedirect%3Dfalse%26error%3Daccess_denied%26error_code%3D200%26error_description%3DPermissions%2Berror%26error_reason%3Duser_denied%23_%3D_&display=touch&_rdr
2014-01-23 16:24:20.804 tivity[10894:80b] Resetting plugins due to page load.
2014-01-23 16:24:22.492 tivity[10894:80b] Finished load of: https://auth.firebase.com/auth/facebook/callback/?firebase=glowing-fire-4586&internalRedirect=false&code=AQC4YcfsANbQtoGIS8T9bohmDRWYGtY2x4rhc5zKRc_Pe5VpAcloP6L9RQWA6E7aDbBHWfJOkZMG6gJ931QBB1NjCi8aYkBb2DcekUw6WD3hFOqp7loIdtbHUi4C8JyqqTX78yvOOkAWfs3mNznK5BMLeP-1zKklaSFlcJQnnTsEpI7A5TvSddzenAiPB2iaoyh8hrIQyMUQRetgRf4OsKu4-imLFglGygTkdsTcMqQU1ZJjePaLBxR_at2N-tdZxSFTuM6YdMz6gaS2gkH83ee5ql51i8jk3x-kaIqoZ_L7m0CKNxec0WCJ2IQUGlzsc0I#_=_
objc[11377]: Class AXEmojiUtilities is implemented in both /Applications/Xcode.app/Contents/Developer/Platforms/iPhoneSimulator.platform/Developer/SDKs/iPhoneSimulator7.0.sdk/System/Library/PrivateFrameworks/AccessibilityUtilities.framework/AccessibilityUtilities and /Applications/Xcode.app/Contents/Developer/Platforms/iPhoneSimulator.platform/Developer/SDKs/iPhoneSimulator7.0.sdk/usr/lib/libAXSpeechManager.dylib. One of the two will be used. Which one is undefined.
2014-01-23 16:25:33.607 tivity[11377:80b] Cannot find executable for CFBundle 0xaf725a0 </Applications/Xcode.app/Contents/Developer/Platforms/iPhoneSimulator.platform/Developer/SDKs/iPhoneSimulator7.0.sdk/System/Library/AccessibilityBundles/CertUIFramework.axbundle> (not loaded)
2014-01-23 16:25:33.628 tivity[11377:80b] Cannot find executable for CFBundle 0xa476340 </Applications/Xcode.app/Contents/Developer/Platforms/iPhoneSimulator.platform/Developer/SDKs/iPhoneSimulator7.0.sdk/System/Library/AccessibilityBundles/GeoServices.axbundle> (not loaded)
2014-01-23 16:25:33.677 tivity[11377:80b] Multi-tasking -> Device: YES, App: YES
2014-01-23 16:25:33.683 tivity[11377:80b] Unlimited access to network resources
2014-01-23 16:25:33.827 tivity[11377:80b] Resetting plugins due to page load.
2014-01-23 16:25:34.002 tivity[11377:80b] Finished load of: file:///section/food
